2024-08-14 21:12:57,376 - INFO - (Contact|contacts) _configure_property(phones, _RelationshipDeclared)
2024-08-14 21:12:57,376 - INFO - (Contact|contacts) _configure_property(emails, _RelationshipDeclared)
2024-08-14 21:12:57,376 - INFO - (Contact|contacts) _configure_property(id, Column)
2024-08-14 21:12:57,376 - INFO - (Contact|contacts) _configure_property(name, Column)
2024-08-14 21:12:57,376 - INFO - (Contact|contacts) Identified primary key columns: OrderedSet([Column('id', Integer(), table=<contacts>, primary_key=True, nullable=False)])
2024-08-14 21:12:57,376 - INFO - (Contact|contacts) constructed
2024-08-14 21:12:57,380 - INFO - (Phone|phones) _configure_property(contact, _RelationshipDeclared)
2024-08-14 21:12:57,380 - INFO - (Phone|phones) _configure_property(id_number, Column)
2024-08-14 21:12:57,380 - INFO - (Phone|phones) _configure_property(country_code, Column)
2024-08-14 21:12:57,380 - INFO - (Phone|phones) _configure_property(ddd, Column)
2024-08-14 21:12:57,380 - INFO - (Phone|phones) _configure_property(phone_number, Column)
2024-08-14 21:12:57,380 - INFO - (Phone|phones) _configure_property(type_number, Column)
2024-08-14 21:12:57,380 - INFO - (Phone|phones) _configure_property(contact_id, Column)
2024-08-14 21:12:57,381 - INFO - (Phone|phones) Identified primary key columns: OrderedSet([Column('id_number', Integer(), table=<phones>, primary_key=True, nullable=False)])
2024-08-14 21:12:57,381 - INFO - (Phone|phones) constructed
2024-08-14 21:12:57,383 - INFO - (Email|emails) _configure_property(contact, _RelationshipDeclared)
2024-08-14 21:12:57,383 - INFO - (Email|emails) _configure_property(id_number, Column)
2024-08-14 21:12:57,383 - INFO - (Email|emails) _configure_property(email, Column)
2024-08-14 21:12:57,383 - INFO - (Email|emails) _configure_property(type_email, Column)
2024-08-14 21:12:57,383 - INFO - (Email|emails) _configure_property(contact_id, Column)
2024-08-14 21:12:57,383 - INFO - (Email|emails) Identified primary key columns: OrderedSet([Column('id_number', Integer(), table=<emails>, primary_key=True, nullable=False)])
2024-08-14 21:12:57,383 - INFO - (Email|emails) constructed
2024-08-14 21:12:57,460 - DEBUG - Created new connection <pymysql.connections.Connection object at 0x0000024590EAE780>
2024-08-14 21:12:57,460 - DEBUG - Created new connection <pymysql.connections.Connection object at 0x0000024590EAE780>
2024-08-14 21:12:57,461 - INFO - SELECT DATABASE()
2024-08-14 21:12:57,461 - INFO - SELECT DATABASE()
2024-08-14 21:12:57,461 - INFO - [raw sql] {}
2024-08-14 21:12:57,461 - INFO - [raw sql] {}
2024-08-14 21:12:57,462 - INFO - SELECT @@sql_mode
2024-08-14 21:12:57,462 - INFO - SELECT @@sql_mode
2024-08-14 21:12:57,462 - INFO - [raw sql] {}
2024-08-14 21:12:57,462 - INFO - [raw sql] {}
2024-08-14 21:12:57,463 - INFO - SELECT @@lower_case_table_names
2024-08-14 21:12:57,463 - INFO - SELECT @@lower_case_table_names
2024-08-14 21:12:57,463 - INFO - [raw sql] {}
2024-08-14 21:12:57,463 - INFO - [raw sql] {}
2024-08-14 21:12:57,463 - DEBUG - Connection <pymysql.connections.Connection object at 0x0000024590EAE780> checked out from pool
2024-08-14 21:12:57,463 - DEBUG - Connection <pymysql.connections.Connection object at 0x0000024590EAE780> checked out from pool
2024-08-14 21:12:57,464 - INFO - BEGIN (implicit)
2024-08-14 21:12:57,464 - INFO - BEGIN (implicit)
2024-08-14 21:12:57,464 - INFO - DESCRIBE `contact-book`.`contacts`
2024-08-14 21:12:57,464 - INFO - DESCRIBE `contact-book`.`contacts`
2024-08-14 21:12:57,464 - INFO - [raw sql] {}
2024-08-14 21:12:57,464 - INFO - [raw sql] {}
2024-08-14 21:12:57,466 - INFO - DESCRIBE `contact-book`.`phones`
2024-08-14 21:12:57,466 - INFO - DESCRIBE `contact-book`.`phones`
2024-08-14 21:12:57,466 - INFO - [raw sql] {}
2024-08-14 21:12:57,466 - INFO - [raw sql] {}
2024-08-14 21:12:57,467 - INFO - DESCRIBE `contact-book`.`emails`
2024-08-14 21:12:57,467 - INFO - DESCRIBE `contact-book`.`emails`
2024-08-14 21:12:57,467 - INFO - [raw sql] {}
2024-08-14 21:12:57,467 - INFO - [raw sql] {}
2024-08-14 21:12:57,471 - INFO - COMMIT
2024-08-14 21:12:57,471 - INFO - COMMIT
2024-08-14 21:12:57,472 - DEBUG - Connection <pymysql.connections.Connection object at 0x0000024590EAE780> being returned to pool
2024-08-14 21:12:57,472 - DEBUG - Connection <pymysql.connections.Connection object at 0x0000024590EAE780> being returned to pool
2024-08-14 21:12:57,473 - DEBUG - Connection <pymysql.connections.Connection object at 0x0000024590EAE780> rollback-on-return
2024-08-14 21:12:57,473 - DEBUG - Connection <pymysql.connections.Connection object at 0x0000024590EAE780> rollback-on-return
